have_header: checking for vm_core.h... -------------------- no

"gcc -o conftest -I/usr/local/rvm/rubies/ruby-1.9.3-p194/include/ruby-1.9.1/i686-linux -I/usr/local/rvm/rubies/ruby-1.9.3-p194/include/ruby-1.9.1/ruby/backward -I/usr/local/rvm/rubies/ruby-1.9.3-p194/include/ruby-1.9.1 -I. -I/usr/local/rvm/usr/include  -D_FILE_OFFSET_BITS=64   -O3 -ggdb -Wextra -Wno-unused-parameter -Wno-parentheses -Wno-long-long -Wno-missing-field-initializers -Wpointer-arith -Wwrite-strings -Wdeclaration-after-statement -Wimplicit-function-declaration  -fPIC conftest.c  -L. -L/usr/local/rvm/rubies/ruby-1.9.3-p194/lib -Wl,-R/usr/local/rvm/rubies/ruby-1.9.3-p194/lib -L/usr/local/rvm/usr/lib -Wl,-R/usr/local/rvm/usr/lib -L.  -rdynamic -Wl,-export-dynamic     -Wl,-R -Wl,/usr/local/rvm/rubies/ruby-1.9.3-p194/lib -L/usr/local/rvm/rubies/ruby-1.9.3-p194/lib -lruby  -lpthread -lrt -ldl -lcrypt -lm   -lc"
checked program was:
/* begin */
1: #include "ruby.h"
2: 
3: int main() {return 0;}
/* end */

"gcc -E -I/usr/local/rvm/rubies/ruby-1.9.3-p194/include/ruby-1.9.1/i686-linux -I/usr/local/rvm/rubies/ruby-1.9.3-p194/include/ruby-1.9.1/ruby/backward -I/usr/local/rvm/rubies/ruby-1.9.3-p194/include/ruby-1.9.1 -I. -I/usr/local/rvm/usr/include  -D_FILE_OFFSET_BITS=64   -O3 -ggdb -Wextra -Wno-unused-parameter -Wno-parentheses -Wno-long-long -Wno-missing-field-initializers -Wpointer-arith -Wwrite-strings -Wdeclaration-after-statement -Wimplicit-function-declaration  -fPIC  conftest.c -o conftest.i"
conftest.c:3: fatal error: vm_core.h: No such file or directory
compilation terminated.
checked program was:
/* begin */
1: #include "ruby.h"
2: 
3: #include <vm_core.h>
/* end */

--------------------

have_header: checking for vm_core.h... -------------------- no

"gcc -E -I/usr/local/rvm/rubies/ruby-1.9.3-p194/include/ruby-1.9.1/i686-linux -I/usr/local/rvm/rubies/ruby-1.9.3-p194/include/ruby-1.9.1/ruby/backward -I/usr/local/rvm/rubies/ruby-1.9.3-p194/include/ruby-1.9.1 -I. -I/usr/local/rvm/rubies/ruby-1.9.3-p194/include/ruby-1.9.1/ruby-1.9.3-p194  -O3 -ggdb -Wextra -Wno-unused-parameter -Wno-parentheses -Wno-long-long -Wno-missing-field-initializers -Wpointer-arith -Wwrite-strings -Wdeclaration-after-statement -Wimplicit-function-declaration  -fPIC  conftest.c -o conftest.i"
conftest.c:3: fatal error: vm_core.h: No such file or directory
compilation terminated.
checked program was:
/* begin */
1: #include "ruby.h"
2: 
3: #include <vm_core.h>
/* end */

--------------------

have_header: checking for vm_core.h... -------------------- yes

"gcc -E -I/usr/local/rvm/rubies/ruby-1.9.3-p194/include/ruby-1.9.1/i686-linux -I/usr/local/rvm/rubies/ruby-1.9.3-p194/include/ruby-1.9.1/ruby/backward -I/usr/local/rvm/rubies/ruby-1.9.3-p194/include/ruby-1.9.1 -I. -I/home/nitin/web/ajax/vendor/bundle/ruby/1.9.1/gems/debugger-ruby_core_source-1.1.3/lib/debugger/ruby_core_source/ruby-1.9.3-p194  -O3 -ggdb -Wextra -Wno-unused-parameter -Wno-parentheses -Wno-long-long -Wno-missing-field-initializers -Wpointer-arith -Wwrite-strings -Wdeclaration-after-statement -Wimplicit-function-declaration  -fPIC  conftest.c -o conftest.i"
checked program was:
/* begin */
1: #include "ruby.h"
2: 
3: #include <vm_core.h>
/* end */

--------------------

have_header: checking for version.h... -------------------- yes

"gcc -E -I/usr/local/rvm/rubies/ruby-1.9.3-p194/include/ruby-1.9.1/i686-linux -I/usr/local/rvm/rubies/ruby-1.9.3-p194/include/ruby-1.9.1/ruby/backward -I/usr/local/rvm/rubies/ruby-1.9.3-p194/include/ruby-1.9.1 -I. -I/home/nitin/web/ajax/vendor/bundle/ruby/1.9.1/gems/debugger-ruby_core_source-1.1.3/lib/debugger/ruby_core_source/ruby-1.9.3-p194  -O3 -ggdb -Wextra -Wno-unused-parameter -Wno-parentheses -Wno-long-long -Wno-missing-field-initializers -Wpointer-arith -Wwrite-strings -Wdeclaration-after-statement -Wimplicit-function-declaration  -fPIC  conftest.c -o conftest.i"
checked program was:
/* begin */
1: #include "ruby.h"
2: 
3: #include <version.h>
/* end */

--------------------

