have_library: checking for fdatasync() in -lrt... -------------------- yes

"gcc -o conftest -I/usr/local/rvm/rubies/ruby-1.9.3-p194/include/ruby-1.9.1/i686-linux -I/usr/local/rvm/rubies/ruby-1.9.3-p194/include/ruby-1.9.1/ruby/backward -I/usr/local/rvm/rubies/ruby-1.9.3-p194/include/ruby-1.9.1 -I. -I/usr/local/rvm/usr/include  -D_FILE_OFFSET_BITS=64   -O3 -ggdb -Wextra -Wno-unused-parameter -Wno-parentheses -Wno-long-long -Wno-missing-field-initializers -Wpointer-arith -Wwrite-strings -Wdeclaration-after-statement -Wimplicit-function-declaration  -fPIC conftest.c  -L. -L/usr/local/rvm/rubies/ruby-1.9.3-p194/lib -Wl,-R/usr/local/rvm/rubies/ruby-1.9.3-p194/lib -L/usr/local/rvm/usr/lib -Wl,-R/usr/local/rvm/usr/lib -L.  -rdynamic -Wl,-export-dynamic     -Wl,-R -Wl,/usr/local/rvm/rubies/ruby-1.9.3-p194/lib -L/usr/local/rvm/rubies/ruby-1.9.3-p194/lib -lruby  -lpthread -lrt -ldl -lcrypt -lm   -lc"
checked program was:
/* begin */
1: #include "ruby.h"
2: 
3: int main() {return 0;}
/* end */

"gcc -o conftest -I/usr/local/rvm/rubies/ruby-1.9.3-p194/include/ruby-1.9.1/i686-linux -I/usr/local/rvm/rubies/ruby-1.9.3-p194/include/ruby-1.9.1/ruby/backward -I/usr/local/rvm/rubies/ruby-1.9.3-p194/include/ruby-1.9.1 -I. -I/usr/local/rvm/usr/include  -D_FILE_OFFSET_BITS=64   -O3 -ggdb -Wextra -Wno-unused-parameter -Wno-parentheses -Wno-long-long -Wno-missing-field-initializers -Wpointer-arith -Wwrite-strings -Wdeclaration-after-statement -Wimplicit-function-declaration  -fPIC conftest.c  -L. -L/usr/local/rvm/rubies/ruby-1.9.3-p194/lib -Wl,-R/usr/local/rvm/rubies/ruby-1.9.3-p194/lib -L/usr/local/rvm/usr/lib -Wl,-R/usr/local/rvm/usr/lib -L.  -rdynamic -Wl,-export-dynamic     -Wl,-R -Wl,/usr/local/rvm/rubies/ruby-1.9.3-p194/lib -L/usr/local/rvm/rubies/ruby-1.9.3-p194/lib -lruby -lrt  -lpthread -lrt -ldl -lcrypt -lm   -lc"
conftest.c: In function ‘t’:
conftest.c:5: error: ‘fdatasync’ undeclared (first use in this function)
conftest.c:5: error: (Each undeclared identifier is reported only once
conftest.c:5: error: for each function it appears in.)
checked program was:
/* begin */
1: #include "ruby.h"
2: 
3: /*top*/
4: int main() {return 0;}
5: int t() { void ((*volatile p)()); p = (void ((*)()))fdatasync; return 0; }
/* end */

"gcc -o conftest -I/usr/local/rvm/rubies/ruby-1.9.3-p194/include/ruby-1.9.1/i686-linux -I/usr/local/rvm/rubies/ruby-1.9.3-p194/include/ruby-1.9.1/ruby/backward -I/usr/local/rvm/rubies/ruby-1.9.3-p194/include/ruby-1.9.1 -I. -I/usr/local/rvm/usr/include  -D_FILE_OFFSET_BITS=64   -O3 -ggdb -Wextra -Wno-unused-parameter -Wno-parentheses -Wno-long-long -Wno-missing-field-initializers -Wpointer-arith -Wwrite-strings -Wdeclaration-after-statement -Wimplicit-function-declaration  -fPIC conftest.c  -L. -L/usr/local/rvm/rubies/ruby-1.9.3-p194/lib -Wl,-R/usr/local/rvm/rubies/ruby-1.9.3-p194/lib -L/usr/local/rvm/usr/lib -Wl,-R/usr/local/rvm/usr/lib -L.  -rdynamic -Wl,-export-dynamic     -Wl,-R -Wl,/usr/local/rvm/rubies/ruby-1.9.3-p194/lib -L/usr/local/rvm/rubies/ruby-1.9.3-p194/lib -lruby -lrt  -lpthread -lrt -ldl -lcrypt -lm   -lc"
conftest.c: In function ‘t’:
conftest.c:5: warning: implicit declaration of function ‘fdatasync’
checked program was:
/* begin */
1: #include "ruby.h"
2: 
3: /*top*/
4: int main() {return 0;}
5: int t() { fdatasync(); return 0; }
/* end */

--------------------

have_header: checking for sqlite3.h... -------------------- yes

"gcc -E -I/usr/local/rvm/rubies/ruby-1.9.3-p194/include/ruby-1.9.1/i686-linux -I/usr/local/rvm/rubies/ruby-1.9.3-p194/include/ruby-1.9.1/ruby/backward -I/usr/local/rvm/rubies/ruby-1.9.3-p194/include/ruby-1.9.1 -I. -I/usr/local/rvm/usr/include  -D_FILE_OFFSET_BITS=64   -O3 -ggdb -Wextra -Wno-unused-parameter -Wno-parentheses -Wno-long-long -Wno-missing-field-initializers -Wpointer-arith -Wwrite-strings -Wdeclaration-after-statement -Wimplicit-function-declaration  -fPIC  conftest.c -o conftest.i"
checked program was:
/* begin */
1: #include "ruby.h"
2: 
3: #include <sqlite3.h>
/* end */

--------------------

have_library: checking for sqlite3_open() in -lsqlite3... -------------------- yes

"gcc -o conftest -I/usr/local/rvm/rubies/ruby-1.9.3-p194/include/ruby-1.9.1/i686-linux -I/usr/local/rvm/rubies/ruby-1.9.3-p194/include/ruby-1.9.1/ruby/backward -I/usr/local/rvm/rubies/ruby-1.9.3-p194/include/ruby-1.9.1 -I. -I/usr/local/rvm/usr/include  -D_FILE_OFFSET_BITS=64   -O3 -ggdb -Wextra -Wno-unused-parameter -Wno-parentheses -Wno-long-long -Wno-missing-field-initializers -Wpointer-arith -Wwrite-strings -Wdeclaration-after-statement -Wimplicit-function-declaration  -fPIC conftest.c  -L. -L/usr/local/rvm/rubies/ruby-1.9.3-p194/lib -Wl,-R/usr/local/rvm/rubies/ruby-1.9.3-p194/lib -L/usr/local/rvm/usr/lib -Wl,-R/usr/local/rvm/usr/lib -L.  -rdynamic -Wl,-export-dynamic    -lrt  -Wl,-R -Wl,/usr/local/rvm/rubies/ruby-1.9.3-p194/lib -L/usr/local/rvm/rubies/ruby-1.9.3-p194/lib -lruby -lsqlite3 -lrt  -lpthread -lrt -ldl -lcrypt -lm   -lc"
conftest.c: In function ‘t’:
conftest.c:5: error: ‘sqlite3_open’ undeclared (first use in this function)
conftest.c:5: error: (Each undeclared identifier is reported only once
conftest.c:5: error: for each function it appears in.)
checked program was:
/* begin */
1: #include "ruby.h"
2: 
3: /*top*/
4: int main() {return 0;}
5: int t() { void ((*volatile p)()); p = (void ((*)()))sqlite3_open; return 0; }
/* end */

"gcc -o conftest -I/usr/local/rvm/rubies/ruby-1.9.3-p194/include/ruby-1.9.1/i686-linux -I/usr/local/rvm/rubies/ruby-1.9.3-p194/include/ruby-1.9.1/ruby/backward -I/usr/local/rvm/rubies/ruby-1.9.3-p194/include/ruby-1.9.1 -I. -I/usr/local/rvm/usr/include  -D_FILE_OFFSET_BITS=64   -O3 -ggdb -Wextra -Wno-unused-parameter -Wno-parentheses -Wno-long-long -Wno-missing-field-initializers -Wpointer-arith -Wwrite-strings -Wdeclaration-after-statement -Wimplicit-function-declaration  -fPIC conftest.c  -L. -L/usr/local/rvm/rubies/ruby-1.9.3-p194/lib -Wl,-R/usr/local/rvm/rubies/ruby-1.9.3-p194/lib -L/usr/local/rvm/usr/lib -Wl,-R/usr/local/rvm/usr/lib -L.  -rdynamic -Wl,-export-dynamic    -lrt  -Wl,-R -Wl,/usr/local/rvm/rubies/ruby-1.9.3-p194/lib -L/usr/local/rvm/rubies/ruby-1.9.3-p194/lib -lruby -lsqlite3 -lrt  -lpthread -lrt -ldl -lcrypt -lm   -lc"
conftest.c: In function ‘t’:
conftest.c:5: warning: implicit declaration of function ‘sqlite3_open’
checked program was:
/* begin */
1: #include "ruby.h"
2: 
3: /*top*/
4: int main() {return 0;}
5: int t() { sqlite3_open(); return 0; }
/* end */

--------------------

